d:\cse\2020-1\그래픽스\8주차(+보강)\4.0.chap2sec3\chap2sec3\debug\vc142.pdb
d:\cse\2020-1\그래픽스\8주차(+보강)\4.0.chap2sec3\chap2sec3\debug\vc142.idb
d:\cse\2020-1\그래픽스\8주차(+보강)\4.0.chap2sec3\chap2sec3\debug\loadshaders.obj
d:\cse\2020-1\그래픽스\8주차(+보강)\4.0.chap2sec3\chap2sec3\debug\chap2sec3_glsl.obj
d:\ssd256gbhd\active_original\work\teaching\cse4170\opengl_codes\4.0.chap2sec3\debug\chap2sec3.exe
d:\ssd256gbhd\active_original\work\teaching\cse4170\opengl_codes\4.0.chap2sec3\debug\chap2sec3.ilk
d:\ssd256gbhd\active_original\work\teaching\cse4170\opengl_codes\4.0.chap2sec3\debug\chap2sec3.pdb
e:\ssd256gbhd\active_original\work\teaching\cse4170\opengl_codes\4.0.chap2sec3\debug\chap2sec3.exe
e:\ssd256gbhd\active_original\work\teaching\cse4170\opengl_codes\4.0.chap2sec3\debug\chap2sec3.ilk
e:\ssd256gbhd\active_original\work\teaching\cse4170\opengl_codes\4.0.chap2sec3\debug\chap2sec3.pdb
d:\cse\2020-1\그래픽스\8주차(+보강)\4.0.chap2sec3\debug\chap2sec3.ilk
d:\cse\2020-1\그래픽스\8주차(+보강)\4.0.chap2sec3\debug\chap2sec3.exe
d:\cse\2020-1\그래픽스\8주차(+보강)\4.0.chap2sec3\debug\chap2sec3.pdb
d:\cse\2020-1\그래픽스\8주차(+보강)\4.0.chap2sec3\chap2sec3\debug\chap2sec3.ilk
d:\cse\2020-1\그래픽스\8주차(+보강)\4.0.chap2sec3\chap2sec3\debug\vc141.idb
d:\cse\2020-1\그래픽스\8주차(+보강)\4.0.chap2sec3\chap2sec3\debug\vc141.pdb
d:\cse\2020-1\그래픽스\8주차(+보강)\4.0.chap2sec3\chap2sec3\debug\chap2sec3.tlog\cl.command.1.tlog
d:\cse\2020-1\그래픽스\8주차(+보강)\4.0.chap2sec3\chap2sec3\debug\chap2sec3.tlog\cl.read.1.tlog
d:\cse\2020-1\그래픽스\8주차(+보강)\4.0.chap2sec3\chap2sec3\debug\chap2sec3.tlog\cl.write.1.tlog
d:\cse\2020-1\그래픽스\8주차(+보강)\4.0.chap2sec3\chap2sec3\debug\chap2sec3.tlog\link.command.1.tlog
d:\cse\2020-1\그래픽스\8주차(+보강)\4.0.chap2sec3\chap2sec3\debug\chap2sec3.tlog\link.read.1.tlog
d:\cse\2020-1\그래픽스\8주차(+보강)\4.0.chap2sec3\chap2sec3\debug\chap2sec3.tlog\link.write.1.tlog
